#
# There is insufficient memory for the Java Runtime Environment to continue.
# Native memory allocation (mmap) failed to map 100663296 bytes for G1 virtual space
# Possible reasons:
#   The system is out of physical RAM or swap space
#   The process is running with CompressedOops enabled, and the Java Heap may be blocking the growth of the native heap
# Possible solutions:
#   Reduce memory load on the system
#   Increase physical memory or swap space
#   Check if swap backing store is full
#   Decrease Java heap size (-Xmx/-Xms)
#   Decrease number of Java threads
#   Decrease Java thread stack sizes (-Xss)
#   Set larger code cache with -XX:ReservedCodeCacheSize=
#   JVM is running with Unscaled Compressed Oops mode in which the Java heap is
#     placed in the first 4GB address space. The Java Heap base address is the
#     maximum limit for the native heap growth. Please use -XX:HeapBaseMinAddress
#     to set the Java Heap base and to place the Java Heap above 4GB virtual address.
# This output file may be truncated or incomplete.
#
#  Out of Memory Error (os_windows.cpp:3466), pid=9768, tid=8288
#
# JRE version:  (16.0+36) (build )
# Java VM: Java HotSpot(TM) 64-Bit Server VM (16+36-2231, mixed mode, sharing, tiered, compressed oops, g1 gc, windows-amd64)
# No core dump will be written. Minidumps are not enabled by default on client versions of Windows
#

---------------  S U M M A R Y ------------

Command Line: -Dfile.encoding=UTF-8 --module-path=C:\Users\anish\OneDrive\Documents\NetBeansProjects\Quiz Application\build\classes quiz.application.Quiz

Host: AMD Ryzen 5 3500U with Radeon Vega Mobile Gfx  , 8 cores, 5G,  Windows 10 , 64 bit Build 22621 (10.0.22621.2070)
Time: Sat Aug 19 15:27:34 2023 India Standard Time elapsed time: 0.017456 seconds (0d 0h 0m 0s)

---------------  T H R E A D  ---------------

Current thread (0x0000022671516c70):  JavaThread "Unknown thread" [_thread_in_vm, id=8288, stack(0x0000002f18300000,0x0000002f18400000)]

Stack: [0x0000002f18300000,0x0000002f18400000]
Native frames: (J=compiled Java code, j=interpreted, Vv=VM code, C=native code)
V  [jvm.dll+0x6681da]
V  [jvm.dll+0x7c9d99]
V  [jvm.dll+0x7cb4d3]
V  [jvm.dll+0x7cbb33]
V  [jvm.dll+0x242ee5]
V  [jvm.dll+0x664f99]
V  [jvm.dll+0x659b85]
V  [jvm.dll+0x2fbfcb]
V  [jvm.dll+0x3031c6]
V  [jvm.dll+0x352a0e]
V  [jvm.dll+0x352c3f]
V  [jvm.dll+0x2d3038]
V  [jvm.dll+0x2d4274]
V  [jvm.dll+0x79c691]
V  [jvm.dll+0x3607b1]
V  [jvm.dll+0x77a370]
V  [jvm.dll+0x3e501f]
V  [jvm.dll+0x3e6af1]
C  [jli.dll+0x52fb]
C  [ucrtbase.dll+0x29363]
C  [KERNEL32.DLL+0x126ad]
C  [ntdll.dll+0x5aa68]


---------------  P R O C E S S  ---------------

Threads class SMR info:
_java_thread_list=0x00007ffe4eefcbb8, length=0, elements={
}

Java Threads: ( => current thread )

Other Threads:
  0x000002267154ecd0 GCTaskThread "GC Thread#0" [stack: 0x0000002f18400000,0x0000002f18500000] [id=5472]
  0x0000022671578ba0 ConcurrentGCThread "G1 Main Marker" [stack: 0x0000002f18500000,0x0000002f18600000] [id=22916]
  0x0000022671579db0 ConcurrentGCThread "G1 Conc#0" [stack: 0x0000002f18600000,0x0000002f18700000] [id=7776]

[error occurred during error reporting (printing all threads), id 0xc0000005, EXCEPTION_ACCESS_VIOLATION (0xc0000005) at pc=0x00007ffe4e6d3ef7]

VM state: not at safepoint (not fully initialized)

VM Mutex/Monitor currently owned by a thread:  ([mutex/lock_event])
[0x0000022671512070] Heap_lock - owner thread: 0x0000022671516c70

Heap address: 0x00000000a1e00000, size: 1506 MB, Compressed Oops mode: 32-bit
CDS archive(s) mapped at: [0x0000000000000000-0x0000000000000000-0x0000000000000000), size 0, SharedBaseAddress: 0x0000000800000000, ArchiveRelocationMode: 0.
Narrow klass base: 0x0000000000000000, Narrow klass shift: 0, Narrow klass range: 0x0

GC Precious Log:
<Empty>

Heap:
 garbage-first heap   total 0K, used 0K [0x00000000a1e00000, 0x0000000100000000)
  region size 1024K, 0 young (0K), 0 survivors (0K)

[error occurred during error reporting (printing heap information), id 0xc0000005, EXCEPTION_ACCESS_VIOLATION (0xc0000005) at pc=0x00007ffe4eab1edd]

GC Heap History (0 events):
No events

Deoptimization events (0 events):
No events

Classes unloaded (0 events):
No events

Classes redefined (0 events):
No events

Internal exceptions (0 events):
No events

Events (1 events):
Event: 0.012 Loaded shared library C:\Program Files\Java\jdk-16\bin\java.dll


Dynamic libraries:
0x00007ff6a2410000 - 0x00007ff6a2420000 	C:\Program Files\Java\jdk-16\bin\java.exe
0x00007ffeade10000 - 0x00007ffeae024000 	C:\WINDOWS\SYSTEM32\ntdll.dll
0x00007ffeac1f0000 - 0x00007ffeac2b4000 	C:\WINDOWS\System32\KERNEL32.DLL
0x00007ffeab700000 - 0x00007ffeabaa4000 	C:\WINDOWS\System32\KERNELBASE.dll
0x00007ffeab1f0000 - 0x00007ffeab301000 	C:\WINDOWS\System32\ucrtbase.dll
0x00007ffe9b840000 - 0x00007ffe9b859000 	C:\Program Files\Java\jdk-16\bin\VCRUNTIME140.dll
0x00007ffea3a20000 - 0x00007ffea3a38000 	C:\Program Files\Java\jdk-16\bin\jli.dll
0x00007ffeabbd0000 - 0x00007ffeabc80000 	C:\WINDOWS\System32\ADVAPI32.dll
0x00007ffeac370000 - 0x00007ffeac417000 	C:\WINDOWS\System32\msvcrt.dll
0x00007ffeabcf0000 - 0x00007ffeabd96000 	C:\WINDOWS\System32\sechost.dll
0x00007ffead060000 - 0x00007ffead177000 	C:\WINDOWS\System32\RPCRT4.dll
0x00007ffeac690000 - 0x00007ffeac83a000 	C:\WINDOWS\System32\USER32.dll
0x00007ffe9d7e0000 - 0x00007ffe9da6f000 	C:\WINDOWS\WinSxS\amd64_microsoft.windows.common-controls_6595b64144ccf1df_6.0.22621.2070_none_2713e6537381f706\COMCTL32.dll
0x00007ffeab480000 - 0x00007ffeab4a6000 	C:\WINDOWS\System32\win32u.dll
0x00007ffeac1c0000 - 0x00007ffeac1e9000 	C:\WINDOWS\System32\GDI32.dll
0x00007ffeabab0000 - 0x00007ffeabbc9000 	C:\WINDOWS\System32\gdi32full.dll
0x00007ffeab5f0000 - 0x00007ffeab68a000 	C:\WINDOWS\System32\msvcp_win.dll
0x00007ffea3310000 - 0x00007ffea331a000 	C:\WINDOWS\SYSTEM32\VERSION.dll
0x00007ffeac320000 - 0x00007ffeac351000 	C:\WINDOWS\System32\IMM32.DLL
0x00007ffe9b830000 - 0x00007ffe9b83c000 	C:\Program Files\Java\jdk-16\bin\vcruntime140_1.dll
0x00007ffe99600000 - 0x00007ffe99691000 	C:\Program Files\Java\jdk-16\bin\msvcp140.dll
0x00007ffe4e3f0000 - 0x00007ffe4ef9b000 	C:\Program Files\Java\jdk-16\bin\server\jvm.dll
0x00007ffeac2c0000 - 0x00007ffeac2c8000 	C:\WINDOWS\System32\PSAPI.DLL
0x00007ffea6890000 - 0x00007ffea6899000 	C:\WINDOWS\SYSTEM32\WSOCK32.dll
0x00007ffea5aa0000 - 0x00007ffea5ad4000 	C:\WINDOWS\SYSTEM32\WINMM.dll
0x00007ffeac9e0000 - 0x00007ffeaca51000 	C:\WINDOWS\System32\WS2_32.dll
0x00007ffeaa230000 - 0x00007ffeaa248000 	C:\WINDOWS\SYSTEM32\kernel.appcore.dll
0x00007ffe9b7b0000 - 0x00007ffe9b7ba000 	C:\Program Files\Java\jdk-16\bin\jimage.dll
0x00007ffea4300000 - 0x00007ffea452e000 	C:\WINDOWS\SYSTEM32\DBGHELP.DLL
0x00007ffeabe30000 - 0x00007ffeac1ba000 	C:\WINDOWS\System32\combase.dll
0x00007ffeac520000 - 0x00007ffeac5f7000 	C:\WINDOWS\System32\OLEAUT32.dll
0x00007ffea4800000 - 0x00007ffea4832000 	C:\WINDOWS\SYSTEM32\dbgcore.DLL
0x00007ffeab4b0000 - 0x00007ffeab52a000 	C:\WINDOWS\System32\bcryptPrimitives.dll
0x00007ffe9b7c0000 - 0x00007ffe9b7e5000 	C:\Program Files\Java\jdk-16\bin\java.dll

dbghelp: loaded successfully - version: 4.0.5 - missing functions: none
symbol engine: initialized successfully - sym options: 0x614 - pdb path: .;C:\Program Files\Java\jdk-16\bin;C:\WINDOWS\SYSTEM32;C:\WINDOWS\WinSxS\amd64_microsoft.windows.common-controls_6595b64144ccf1df_6.0.22621.2070_none_2713e6537381f706;C:\Program Files\Java\jdk-16\bin\server

VM Arguments:
jvm_args: -Dfile.encoding=UTF-8 --module-path=C:\Users\anish\OneDrive\Documents\NetBeansProjects\Quiz Application\build\classes 
java_command: quiz.application.Quiz
java_class_path (initial): C:\Users\anish\OneDrive\Documents\NetBeansProjects\Quiz Application\build\classes
Launcher Type: SUN_STANDARD

[Global flags]
     intx CICompilerCount                          = 4                                         {product} {ergonomic}
     uint ConcGCThreads                            = 2                                         {product} {ergonomic}
     uint G1ConcRefinementThreads                  = 8                                         {product} {ergonomic}
   size_t G1HeapRegionSize                         = 1048576                                   {product} {ergonomic}
    uintx GCDrainStackTargetSize                   = 64                                        {product} {ergonomic}
   size_t InitialHeapSize                          = 100663296                                 {product} {ergonomic}
   size_t MarkStackSize                            = 4194304                                   {product} {ergonomic}
   size_t MaxHeapSize                              = 1579155456                                {product} {ergonomic}
   size_t MinHeapDeltaBytes                        = 1048576                                   {product} {ergonomic}
   size_t MinHeapSize                              = 8388608                                   {product} {ergonomic}
    uintx NonNMethodCodeHeapSize                   = 5839372                                {pd product} {ergonomic}
    uintx NonProfiledCodeHeapSize                  = 122909434                              {pd product} {ergonomic}
    uintx ProfiledCodeHeapSize                     = 122909434                              {pd product} {ergonomic}
    uintx ReservedCodeCacheSize                    = 251658240                              {pd product} {ergonomic}
     bool SegmentedCodeCache                       = true                                      {product} {ergonomic}
   size_t SoftMaxHeapSize                          = 1579155456                             {manageable} {ergonomic}
     bool UseCompressedClassPointers               = true                           {product lp64_product} {ergonomic}
     bool UseCompressedOops                        = true                           {product lp64_product} {ergonomic}
     bool UseG1GC                                  = true                                      {product} {ergonomic}
     bool UseLargePagesIndividualAllocation        = false                                  {pd product} {ergonomic}

Logging:
Log output configuration:
 #0: stdout all=warning uptime,level,tags
 #1: stderr all=off uptime,level,tags

Environment Variables:
JAVA_HOME=C:\Program Files\Java\jdk-18.0.2.1
CLASSPATH=C:\Program Files\Java\jdk-18.0.2.1\bin\*.jar
PATH=C:\oraclexe\app\oracle\product\10.2.0\server\bin;C:\XEClient\bin;C:\Program Files\Common Files\Oracle\Java\javapath;C:\WINDOWS\system32;C:\WINDOWS;C:\WINDOWS\System32\Wbem;C:\WINDOWS\System32\WindowsPowerShell\v1.0\;C:\WINDOWS\System32\OpenSSH\C:\Program Files\Java\jdk-18.0.2.1\bin;C:\WINDOWS\System32\OpenSSH\;C:\Program Files\Java\jdk-17.0.2\bin;C:\Program Files\Java\jdk-17.0.2\bin;C:\Program Files\MySQL\MySQL Shell 8.0\bin\;C:\Users\anish\AppData\Local\Microsoft\WindowsApps;C:\Program Files\Java\jdk-18.0.2.1\bin\*.jar\servlet-api.jar;C:\Program Files\Apache Software Foundation\Tomcat 9.0\bin;C:\Users\anish\AppData\Local\Programs\Microsoft VS Code\bin;
USERNAME=anish
OS=Windows_NT
PROCESSOR_IDENTIFIER=AMD64 Family 23 Model 24 Stepping 1, AuthenticAMD



---------------  S Y S T E M  ---------------

OS:
 Windows 10 , 64 bit Build 22621 (10.0.22621.2070)
OS uptime: 9 days 14:26 hours

CPU: total 8 (initial active 8) (8 cores per cpu, 2 threads per core) family 23 model 24 stepping 1 microcode 0x0, cx8, cmov, fxsr, ht, mmx, 3dnowpref, sse, sse2, sse3, ssse3, sse4a, sse4.1, sse4.2, popcnt, lzcnt, tsc, tscinvbit, avx, avx2, aes, clmul, bmi1, bmi2, adx, sha, fma, vzeroupper, clflush, clflushopt

Memory: 4k page, system-wide physical 6020M (377M free)
TotalPageFile size 24452M (AvailPageFile size 62M)
current process WorkingSet (physical memory assigned to process): 11M, peak: 11M
current process commit charge ("private bytes"): 60M, peak: 156M

vm_info: Java HotSpot(TM) 64-Bit Server VM (16+36-2231) for windows-amd64 JRE (16+36-2231), built on Feb  8 2021 11:43:10 by "mach5one" with MS VC++ 16.7 (VS2019)

END.
