#
# There is insufficient memory for the Java Runtime Environment to continue.
# Native memory allocation (mmap) failed to map 9437184 bytes for G1 virtual space
# Possible reasons:
#   The system is out of physical RAM or swap space
#   The process is running with CompressedOops enabled, and the Java Heap may be blocking the growth of the native heap
# Possible solutions:
#   Reduce memory load on the system
#   Increase physical memory or swap space
#   Check if swap backing store is full
#   Decrease Java heap size (-Xmx/-Xms)
#   Decrease number of Java threads
#   Decrease Java thread stack sizes (-Xss)
#   Set larger code cache with -XX:ReservedCodeCacheSize=
#   JVM is running with Unscaled Compressed Oops mode in which the Java heap is
#     placed in the first 4GB address space. The Java Heap base address is the
#     maximum limit for the native heap growth. Please use -XX:HeapBaseMinAddress
#     to set the Java Heap base and to place the Java Heap above 4GB virtual address.
# This output file may be truncated or incomplete.
#
#  Out of Memory Error (os_windows.cpp:3466), pid=14796, tid=18124
#
# JRE version: Java(TM) SE Runtime Environment (16.0+36) (build 16+36-2231)
# Java VM: Java HotSpot(TM) 64-Bit Server VM (16+36-2231, mixed mode, sharing, tiered, compressed oops, g1 gc, windows-amd64)
# No core dump will be written. Minidumps are not enabled by default on client versions of Windows
#

---------------  S U M M A R Y ------------

Command Line: -Denv.class.path=C:\Program Files\Java\jdk-18.0.2.1\bin\*.jar -Dapplication.home=C:\Program Files\Java\jdk-16 --add-modules=ALL-DEFAULT -Xms8m -Djdk.module.main=jdk.compiler jdk.compiler/com.sun.tools.javac.Main -d C:\Users\anish\OneDrive\Documents\NetBeansProjects\Quiz Application\build\classes -classpath C:\Users\anish\OneDrive\Documents\NetBeansProjects\Quiz Application\build\classes -sourcepath C:\Users\anish\OneDrive\Documents\NetBeansProjects\Quiz Application\build\empty -target 16 -encoding UTF-8 -g -processorpath C:\Users\anish\OneDrive\Documents\NetBeansProjects\Quiz Application\build\empty -s C:\Users\anish\OneDrive\Documents\NetBeansProjects\Quiz Application\build\generated-sources\ap-source-output -source 16 C:\Users\anish\OneDrive\Documents\NetBeansProjects\Quiz Application\src\quiz\application\Login.java C:\Users\anish\OneDrive\Documents\NetBeansProjects\Quiz Application\src\quiz\application\Quiz.java C:\Users\anish\OneDrive\Documents\NetBeansProjects\Quiz Application\src\quiz\application\Rules.java

Host: AMD Ryzen 5 3500U with Radeon Vega Mobile Gfx  , 8 cores, 5G,  Windows 10 , 64 bit Build 22621 (10.0.22621.2070)
Time: Sat Aug 19 15:32:30 2023 India Standard Time elapsed time: 0.685256 seconds (0d 0h 0m 0s)

---------------  T H R E A D  ---------------

Current thread (0x0000018d36c7c8d0):  VMThread "VM Thread" [stack: 0x00000081e0d00000,0x00000081e0e00000] [id=18124]

Stack: [0x00000081e0d00000,0x00000081e0e00000]
Native frames: (J=compiled Java code, j=interpreted, Vv=VM code, C=native code)
V  [jvm.dll+0x6681da]
V  [jvm.dll+0x7c9d99]
V  [jvm.dll+0x7cb4d3]
V  [jvm.dll+0x7cbb33]
V  [jvm.dll+0x242ee5]
V  [jvm.dll+0x664f99]
V  [jvm.dll+0x659b85]
V  [jvm.dll+0x2fbfcb]
V  [jvm.dll+0x3031c6]
V  [jvm.dll+0x352a0e]
V  [jvm.dll+0x352c3f]
V  [jvm.dll+0x2d3038]
V  [jvm.dll+0x2d0bc5]
V  [jvm.dll+0x2d01fc]
V  [jvm.dll+0x3152e2]
V  [jvm.dll+0x7cff2b]
V  [jvm.dll+0x7d0c24]
V  [jvm.dll+0x7d1129]
V  [jvm.dll+0x7d13e4]
V  [jvm.dll+0x7d14b0]
V  [jvm.dll+0x77952a]
V  [jvm.dll+0x667076]
C  [ucrtbase.dll+0x29363]
C  [KERNEL32.DLL+0x126ad]
C  [ntdll.dll+0x5aa68]

VM_Operation (0x00000081e07fc480): G1CollectForAllocation, mode: safepoint, requested by thread 0x0000018d36ba8920


---------------  P R O C E S S  ---------------

Threads class SMR info:
_java_thread_list=0x0000018d54494e00, length=12, elements={
0x0000018d36ba8920, 0x0000018d36c7e3b0, 0x0000018d53825f90, 0x0000018d53836600,
0x0000018d53837110, 0x0000018d53837d10, 0x0000018d5383ab20, 0x0000018d53840c90,
0x0000018d53844bd0, 0x0000018d5384d620, 0x0000018d54468bb0, 0x0000018d544bffb0
}

Java Threads: ( => current thread )
  0x0000018d36ba8920 JavaThread "main" [_thread_blocked, id=12748, stack(0x00000081e0700000,0x00000081e0800000)]
  0x0000018d36c7e3b0 JavaThread "Reference Handler" daemon [_thread_blocked, id=15920, stack(0x00000081e0e00000,0x00000081e0f00000)]
  0x0000018d53825f90 JavaThread "Finalizer" daemon [_thread_blocked, id=3128, stack(0x00000081e0f00000,0x00000081e1000000)]
  0x0000018d53836600 JavaThread "Signal Dispatcher" daemon [_thread_blocked, id=13248, stack(0x00000081e1000000,0x00000081e1100000)]
  0x0000018d53837110 JavaThread "Attach Listener" daemon [_thread_blocked, id=19248, stack(0x00000081e1100000,0x00000081e1200000)]
  0x0000018d53837d10 JavaThread "Service Thread" daemon [_thread_blocked, id=18704, stack(0x00000081e1200000,0x00000081e1300000)]
  0x0000018d5383ab20 JavaThread "Monitor Deflation Thread" daemon [_thread_blocked, id=7912, stack(0x00000081e1300000,0x00000081e1400000)]
  0x0000018d53840c90 JavaThread "C2 CompilerThread0" daemon [_thread_blocked, id=17496, stack(0x00000081e1400000,0x00000081e1500000)]
  0x0000018d53844bd0 JavaThread "C1 CompilerThread0" daemon [_thread_blocked, id=2024, stack(0x00000081e1500000,0x00000081e1600000)]
  0x0000018d5384d620 JavaThread "Sweeper thread" daemon [_thread_blocked, id=18720, stack(0x00000081e1600000,0x00000081e1700000)]
  0x0000018d54468bb0 JavaThread "Common-Cleaner" daemon [_thread_blocked, id=21420, stack(0x00000081e1700000,0x00000081e1800000)]
  0x0000018d544bffb0 JavaThread "Notification Thread" daemon [_thread_blocked, id=7124, stack(0x00000081e1800000,0x00000081e1900000)]

Other Threads:
=>0x0000018d36c7c8d0 VMThread "VM Thread" [stack: 0x00000081e0d00000,0x00000081e0e00000] [id=18124]
  0x0000018d5449c580 WatcherThread [stack: 0x00000081e1900000,0x00000081e1a00000] [id=10208]
  0x0000018d36be0f80 GCTaskThread "GC Thread#0" [stack: 0x00000081e0800000,0x00000081e0900000] [id=22592]
  0x0000018d54644ef0 GCTaskThread "GC Thread#1" [stack: 0x00000081e1a00000,0x00000081e1b00000] [id=9768]
  0x0000018d547a8570 GCTaskThread "GC Thread#2" [stack: 0x00000081e1b00000,0x00000081e1c00000] [id=6676]
  0x0000018d5479a1e0 GCTaskThread "GC Thread#3" [stack: 0x00000081e1c00000,0x00000081e1d00000] [id=16624]
  0x0000018d54844590 GCTaskThread "GC Thread#4" [stack: 0x00000081e1d00000,0x00000081e1e00000] [id=9680]
  0x0000018d548f7480 GCTaskThread "GC Thread#5" [stack: 0x00000081e1e00000,0x00000081e1f00000] [id=5340]
  0x0000018d36bedd00 ConcurrentGCThread "G1 Main Marker" [stack: 0x00000081e0900000,0x00000081e0a00000] [id=2936]
  0x0000018d36beffa0 ConcurrentGCThread "G1 Conc#0" [stack: 0x00000081e0a00000,0x00000081e0b00000] [id=14900]
  0x0000018d36c496e0 ConcurrentGCThread "G1 Refine#0" [stack: 0x00000081e0b00000,0x00000081e0c00000] [id=14872]
  0x0000018d36c4b090 ConcurrentGCThread "G1 Service" [stack: 0x00000081e0c00000,0x00000081e0d00000] [id=4356]

Threads with active compile tasks:
C2 CompilerThread0      710  864       4       java.util.HashMap::putVal (300 bytes)
C1 CompilerThread0      710  964   !   3       java.nio.file.Files$2::hasNext (23 bytes)

VM state: at safepoint (normal execution)

VM Mutex/Monitor currently owned by a thread:  ([mutex/lock_event])
[0x0000018d36ba48f0] Threads_lock - owner thread: 0x0000018d36c7c8d0
[0x0000018d36ba5160] Heap_lock - owner thread: 0x0000018d36ba8920

Heap address: 0x00000000a1e00000, size: 1506 MB, Compressed Oops mode: 32-bit
CDS archive(s) mapped at: [0x0000000800000000-0x0000000800bb0000-0x0000000800bb0000), size 12255232, SharedBaseAddress: 0x0000000800000000, ArchiveRelocationMode: 0.
Compressed class space mapped at: 0x0000000800c00000-0x0000000840c00000, reserved size: 1073741824
Narrow klass base: 0x0000000800000000, Narrow klass shift: 3, Narrow klass range: 0x100000000

GC Precious Log:
 CPUs: 8 total, 8 available
 Memory: 6020M
 Large Page Support: Disabled
 NUMA Support: Disabled
 Compressed Oops: Enabled (32-bit)
 Heap Region Size: 1M
 Heap Min Capacity: 8M
 Heap Initial Capacity: 8M
 Heap Max Capacity: 1506M
 Pre-touch: Disabled
 Parallel Workers: 8
 Concurrent Workers: 2
 Concurrent Refinement Workers: 8
 Periodic GC: Disabled

Heap:
 garbage-first heap   total 10240K, used 3864K [0x00000000a1e00000, 0x0000000100000000)
  region size 1024K, 1 young (1024K), 1 survivors (1024K)
 Metaspace       used 8219K, committed 8384K, reserved 1064960K
  class space    used 936K, committed 1024K, reserved 1048576K

Heap Regions: E=young(eden), S=young(survivor), O=old, HS=humongous(starts), HC=humongous(continues), CS=collection set, F=free, OA=open archive, CA=closed archive, TAMS=top-at-mark-start (previous, next)
|   0|0x00000000a1e00000, 0x00000000a1f00000, 0x00000000a1f00000|100%| O|  |TAMS 0x00000000a1e00000, 0x00000000a1e00000| Untracked 
|   1|0x00000000a1f00000, 0x00000000a2000000, 0x00000000a2000000|100%| O|  |TAMS 0x00000000a1f00000, 0x00000000a1f00000| Untracked 
|   2|0x00000000a2000000, 0x00000000a2100000, 0x00000000a2100000|100%| O|  |TAMS 0x00000000a2000000, 0x00000000a2000000| Untracked 
|   3|0x00000000a2100000, 0x00000000a2104c00, 0x00000000a2200000|  1%| O|  |TAMS 0x00000000a2100000, 0x00000000a2100000| Untracked 
|   4|0x00000000a2200000, 0x00000000a2200000, 0x00000000a2300000|  0%| F|  |TAMS 0x00000000a2200000, 0x00000000a2200000| Untracked 
|   5|0x00000000a2300000, 0x00000000a2300000, 0x00000000a2400000|  0%| F|  |TAMS 0x00000000a2300000, 0x00000000a2300000| Untracked 
|   6|0x00000000a2400000, 0x00000000a24c1638, 0x00000000a2500000| 75%| S|CS|TAMS 0x00000000a2400000, 0x00000000a2400000| Complete 
|   7|0x00000000a2500000, 0x00000000a2500000, 0x00000000a2600000|  0%| F|  |TAMS 0x00000000a2500000, 0x00000000a2500000| Untracked 
|   8|0x00000000a2600000, 0x00000000a2600000, 0x00000000a2700000|  0%| F|  |TAMS 0x00000000a2600000, 0x00000000a2600000| Untracked 
|   9|0x00000000a2700000, 0x00000000a2700000, 0x00000000a2800000|  0%| F|  |TAMS 0x00000000a2700000, 0x00000000a2700000| Untracked 

Card table byte_map: [0x0000018d4d940000,0x0000018d4dc40000] _byte_map_base: 0x0000018d4d431000

Marking Bits (Prev, Next): (CMBitMap*) 0x0000018d36be1670, (CMBitMap*) 0x0000018d36be16b0
 Prev Bits: [0x0000018d4df40000, 0x0000018d4f6c8000)
 Next Bits: [0x0000018d4f6d0000, 0x0000018d50e58000)

Polling page: 0x0000018d34b30000

Metaspace:

Usage:
  Non-class:      7.11 MB used.
      Class:    936.93 KB used.
       Both:      8.03 MB used.

Virtual space:
  Non-class space:       16.00 MB reserved,       7.19 MB ( 45%) committed,  2 nodes.
      Class space:        1.00 GB reserved,       1.00 MB ( <1%) committed,  1 nodes.
              Both:        1.02 GB reserved,       8.19 MB ( <1%) committed. 

Chunk freelists:
   Non-Class:  2.47 MB
       Class:  2.94 MB
        Both:  5.41 MB

MaxMetaspaceSize: 17179869184.00 GB
CompressedClassSpaceSize: 1.00 GB
 - commit_granule_bytes: 65536.
 - commit_granule_words: 8192.
 - virtual_space_node_default_size: 1048576.
 - enlarge_chunks_in_place: 1.
 - new_chunks_are_fully_committed: 0.
 - uncommit_free_chunks: 1.
 - use_allocation_guard: 0.
 - handle_deallocations: 1.


Internal statistics:

num_allocs_failed_limit: 0.
num_arena_births: 68.
num_arena_deaths: 0.
num_vsnodes_births: 3.
num_vsnodes_deaths: 0.
num_space_committed: 131.
num_space_uncommitted: 0.
num_chunks_returned_to_freelist: 0.
num_chunks_taken_from_freelist: 352.
num_chunk_merges: 0.
num_chunk_splits: 242.
num_chunks_enlarged: 184.
num_purges: 0.

CodeHeap 'non-profiled nmethods': size=120000Kb used=281Kb max_used=281Kb free=119718Kb
 bounds [0x0000018d45de0000, 0x0000018d46050000, 0x0000018d4d310000]
CodeHeap 'profiled nmethods': size=120000Kb used=1731Kb max_used=1731Kb free=118268Kb
 bounds [0x0000018d3e8b0000, 0x0000018d3eb20000, 0x0000018d45de0000]
CodeHeap 'non-nmethods': size=5760Kb used=1137Kb max_used=1155Kb free=4622Kb
 bounds [0x0000018d3e310000, 0x0000018d3e580000, 0x0000018d3e8b0000]
 total_blobs=1383 nmethods=967 adapters=329
 compilation: enabled
              stopped_count=0, restarted_count=0
 full_count=0

Compilation events (20 events):
Event: 0.678 Thread 0x0000018d53844bd0 nmethod 981 0x0000018d3ea5bf10 code [0x0000018d3ea5c100, 0x0000018d3ea5c528]
Event: 0.678 Thread 0x0000018d53844bd0  982       3       java.util.ArrayList$Itr::checkForComodification (23 bytes)
Event: 0.678 Thread 0x0000018d53844bd0 nmethod 982 0x0000018d3ea5c710 code [0x0000018d3ea5c8c0, 0x0000018d3ea5ca88]
Event: 0.678 Thread 0x0000018d53844bd0  973       3       jdk.internal.jrtfs.JrtFileSystem::lambda$iteratorOf$2 (20 bytes)
Event: 0.678 Thread 0x0000018d53844bd0 nmethod 973 0x0000018d3ea5cb90 code [0x0000018d3ea5cd80, 0x0000018d3ea5d1a8]
Event: 0.679 Thread 0x0000018d53844bd0  985       3       jdk.internal.jrtfs.JrtFileSystem::getPath (102 bytes)
Event: 0.680 Thread 0x0000018d53844bd0 nmethod 985 0x0000018d3ea5d390 code [0x0000018d3ea5d660, 0x0000018d3ea5e498]
Event: 0.680 Thread 0x0000018d53844bd0  983       3       com.sun.tools.javac.file.RelativePath::<init> (10 bytes)
Event: 0.680 Thread 0x0000018d53844bd0 nmethod 983 0x0000018d3ea5ea10 code [0x0000018d3ea5ebc0, 0x0000018d3ea5ed78]
Event: 0.680 Thread 0x0000018d53844bd0  984       3       com.sun.tools.javac.file.RelativePath::resolveAgainst (27 bytes)
Event: 0.680 Thread 0x0000018d53844bd0 nmethod 984 0x0000018d3ea5ee10 code [0x0000018d3ea5efe0, 0x0000018d3ea5f398]
Event: 0.680 Thread 0x0000018d53844bd0  988       3       com.sun.tools.javac.file.PathFileObject::forDirectoryPath (12 bytes)
Event: 0.680 Thread 0x0000018d53844bd0 nmethod 988 0x0000018d3ea5f510 code [0x0000018d3ea5f700, 0x0000018d3ea5fc58]
Event: 0.680 Thread 0x0000018d53844bd0  986       3       com.sun.tools.javac.file.JavacFileManager::isValidFile (13 bytes)
Event: 0.681 Thread 0x0000018d53844bd0 nmethod 986 0x0000018d3ea5fe10 code [0x0000018d3ea5ffc0, 0x0000018d3ea601d8]
Event: 0.681 Thread 0x0000018d53844bd0  974       3       jdk.internal.jrtfs.JrtFileSystem$$Lambda$101/0x0000000800c5d340::test (12 bytes)
Event: 0.681 Thread 0x0000018d53844bd0 nmethod 974 0x0000018d3ea60310 code [0x0000018d3ea604c0, 0x0000018d3ea60848]
Event: 0.681 Thread 0x0000018d53844bd0  975   !   3       jdk.internal.jrtfs.JrtFileSystem::lambda$iteratorOf$3 (11 bytes)
Event: 0.681 Thread 0x0000018d53844bd0 nmethod 975 0x0000018d3ea60990 code [0x0000018d3ea60b40, 0x0000018d3ea60d48]
Event: 0.681 Thread 0x0000018d53844bd0  964   !   3       java.nio.file.Files$2::hasNext (23 bytes)

GC Heap History (17 events):
Event: 0.260 GC heap before
{Heap before GC invocations=0 (full 0):
 garbage-first heap   total 8192K, used 3072K [0x00000000a1e00000, 0x0000000100000000)
  region size 1024K, 3 young (3072K), 0 survivors (0K)
 Metaspace       used 2633K, committed 2880K, reserved 1056768K
  class space    used 328K, committed 448K, reserved 1048576K
}
Event: 0.264 GC heap after
{Heap after GC invocations=1 (full 0):
 garbage-first heap   total 8192K, used 1100K [0x00000000a1e00000, 0x0000000100000000)
  region size 1024K, 1 young (1024K), 1 survivors (1024K)
 Metaspace       used 2633K, committed 2880K, reserved 1056768K
  class space    used 328K, committed 448K, reserved 1048576K
}
Event: 0.343 GC heap before
{Heap before GC invocations=1 (full 0):
 garbage-first heap   total 8192K, used 2124K [0x00000000a1e00000, 0x0000000100000000)
  region size 1024K, 2 young (2048K), 1 survivors (1024K)
 Metaspace       used 4331K, committed 4480K, reserved 1056768K
  class space    used 535K, committed 640K, reserved 1048576K
}
Event: 0.346 GC heap after
{Heap after GC invocations=2 (full 0):
 garbage-first heap   total 8192K, used 1732K [0x00000000a1e00000, 0x0000000100000000)
  region size 1024K, 1 young (1024K), 1 survivors (1024K)
 Metaspace       used 4331K, committed 4480K, reserved 1056768K
  class space    used 535K, committed 640K, reserved 1048576K
}
Event: 0.421 GC heap before
{Heap before GC invocations=2 (full 0):
 garbage-first heap   total 8192K, used 2756K [0x00000000a1e00000, 0x0000000100000000)
  region size 1024K, 2 young (2048K), 1 survivors (1024K)
 Metaspace       used 5874K, committed 6080K, reserved 1064960K
  class space    used 689K, committed 768K, reserved 1048576K
}
Event: 0.422 GC heap after
{Heap after GC invocations=3 (full 0):
 garbage-first heap   total 8192K, used 2013K [0x00000000a1e00000, 0x0000000100000000)
  region size 1024K, 1 young (1024K), 1 survivors (1024K)
 Metaspace       used 5874K, committed 6080K, reserved 1064960K
  class space    used 689K, committed 768K, reserved 1048576K
}
Event: 0.516 GC heap before
{Heap before GC invocations=3 (full 0):
 garbage-first heap   total 8192K, used 3037K [0x00000000a1e00000, 0x0000000100000000)
  region size 1024K, 2 young (2048K), 1 survivors (1024K)
 Metaspace       used 7512K, committed 7744K, reserved 1064960K
  class space    used 862K, committed 960K, reserved 1048576K
}
Event: 0.519 GC heap after
{Heap after GC invocations=4 (full 0):
 garbage-first heap   total 8192K, used 2291K [0x00000000a1e00000, 0x0000000100000000)
  region size 1024K, 1 young (1024K), 1 survivors (1024K)
 Metaspace       used 7512K, committed 7744K, reserved 1064960K
  class space    used 862K, committed 960K, reserved 1048576K
}
Event: 0.560 GC heap before
{Heap before GC invocations=4 (full 0):
 garbage-first heap   total 8192K, used 3315K [0x00000000a1e00000, 0x0000000100000000)
  region size 1024K, 2 young (2048K), 1 survivors (1024K)
 Metaspace       used 7714K, committed 7872K, reserved 1064960K
  class space    used 883K, committed 960K, reserved 1048576K
}
Event: 0.562 GC heap after
{Heap after GC invocations=5 (full 0):
 garbage-first heap   total 10240K, used 2503K [0x00000000a1e00000, 0x0000000100000000)
  region size 1024K, 1 young (1024K), 1 survivors (1024K)
 Metaspace       used 7714K, committed 7872K, reserved 1064960K
  class space    used 883K, committed 960K, reserved 1048576K
}
Event: 0.621 GC heap before
{Heap before GC invocations=5 (full 0):
 garbage-first heap   total 10240K, used 4551K [0x00000000a1e00000, 0x0000000100000000)
  region size 1024K, 3 young (3072K), 1 survivors (1024K)
 Metaspace       used 8059K, committed 8256K, reserved 1064960K
  class space    used 925K, committed 1024K, reserved 1048576K
}
Event: 0.624 GC heap after
{Heap after GC invocations=6 (full 0):
 garbage-first heap   total 10240K, used 3086K [0x00000000a1e00000, 0x0000000100000000)
  region size 1024K, 1 young (1024K), 1 survivors (1024K)
 Metaspace       used 8059K, committed 8256K, reserved 1064960K
  class space    used 925K, committed 1024K, reserved 1048576K
}
Event: 0.644 GC heap before
{Heap before GC invocations=6 (full 0):
 garbage-first heap   total 10240K, used 5134K [0x00000000a1e00000, 0x0000000100000000)
  region size 1024K, 3 young (3072K), 1 survivors (1024K)
 Metaspace       used 8109K, committed 8256K, reserved 1064960K
  class space    used 929K, committed 1024K, reserved 1048576K
}
Event: 0.648 GC heap after
{Heap after GC invocations=7 (full 0):
 garbage-first heap   total 10240K, used 3434K [0x00000000a1e00000, 0x0000000100000000)
  region size 1024K, 1 young (1024K), 1 survivors (1024K)
 Metaspace       used 8109K, committed 8256K, reserved 1064960K
  class space    used 929K, committed 1024K, reserved 1048576K
}
Event: 0.668 GC heap before
{Heap before GC invocations=7 (full 0):
 garbage-first heap   total 10240K, used 4458K [0x00000000a1e00000, 0x0000000100000000)
  region size 1024K, 2 young (2048K), 1 survivors (1024K)
 Metaspace       used 8196K, committed 8384K, reserved 1064960K
  class space    used 936K, committed 1024K, reserved 1048576K
}
Event: 0.669 GC heap after
{Heap after GC invocations=8 (full 0):
 garbage-first heap   total 10240K, used 3492K [0x00000000a1e00000, 0x0000000100000000)
  region size 1024K, 1 young (1024K), 1 survivors (1024K)
 Metaspace       used 8196K, committed 8384K, reserved 1064960K
  class space    used 936K, committed 1024K, reserved 1048576K
}
Event: 0.681 GC heap before
{Heap before GC invocations=8 (full 0):
 garbage-first heap   total 10240K, used 5540K [0x00000000a1e00000, 0x0000000100000000)
  region size 1024K, 3 young (3072K), 1 survivors (1024K)
 Metaspace       used 8219K, committed 8384K, reserved 1064960K
  class space    used 936K, committed 1024K, reserved 1048576K
}

Deoptimization events (20 events):
Event: 0.251 Thread 0x0000018d36ba8920 DEOPT PACKING pc=0x0000018d3e8dd167 sp=0x00000081e07f8fd0
Event: 0.251 Thread 0x0000018d36ba8920 DEOPT UNPACKING pc=0x0000018d3e35dece sp=0x00000081e07f83f0 mode 0
Event: 0.267 Thread 0x0000018d36ba8920 DEOPT PACKING pc=0x0000018d3e8dadd1 sp=0x00000081e07f8ed0
Event: 0.267 Thread 0x0000018d36ba8920 DEOPT UNPACKING pc=0x0000018d3e35dece sp=0x00000081e07f8348 mode 0
Event: 0.445 Thread 0x0000018d36ba8920 Uncommon trap: trap_request=0xffffff45 fr.pc=0x0000018d45def684 relative=0x0000000000000064
Event: 0.445 Thread 0x0000018d36ba8920 Uncommon trap: reason=unstable_if action=reinterpret pc=0x0000018d45def684 method=java.nio.Buffer.hasRemaining()Z @ 8 c2
Event: 0.445 Thread 0x0000018d36ba8920 DEOPT PACKING pc=0x0000018d45def684 sp=0x00000081e07fe310
Event: 0.445 Thread 0x0000018d36ba8920 DEOPT UNPACKING pc=0x0000018d3e35d72e sp=0x00000081e07fe2a8 mode 2
Event: 0.472 Thread 0x0000018d36ba8920 Uncommon trap: trap_request=0xffffff45 fr.pc=0x0000018d45e05b64 relative=0x0000000000000424
Event: 0.472 Thread 0x0000018d36ba8920 Uncommon trap: reason=unstable_if action=reinterpret pc=0x0000018d45e05b64 method=java.lang.StringLatin1.replace([BCC)Ljava/lang/String; @ 19 c2
Event: 0.472 Thread 0x0000018d36ba8920 DEOPT PACKING pc=0x0000018d45e05b64 sp=0x00000081e07feba0
Event: 0.472 Thread 0x0000018d36ba8920 DEOPT UNPACKING pc=0x0000018d3e35d72e sp=0x00000081e07feb10 mode 2
Event: 0.527 Thread 0x0000018d36ba8920 Uncommon trap: trap_request=0xffffff45 fr.pc=0x0000018d45e0e674 relative=0x00000000000003d4
Event: 0.527 Thread 0x0000018d36ba8920 Uncommon trap: reason=unstable_if action=reinterpret pc=0x0000018d45e0e674 method=java.lang.StringLatin1.newString([BII)Ljava/lang/String; @ 1 c2
Event: 0.527 Thread 0x0000018d36ba8920 DEOPT PACKING pc=0x0000018d45e0e674 sp=0x00000081e07fe220
Event: 0.527 Thread 0x0000018d36ba8920 DEOPT UNPACKING pc=0x0000018d3e35d72e sp=0x00000081e07fe1e8 mode 2
Event: 0.667 Thread 0x0000018d36ba8920 Uncommon trap: trap_request=0xffffffde fr.pc=0x0000018d45e220b0 relative=0x00000000000004f0
Event: 0.667 Thread 0x0000018d36ba8920 Uncommon trap: reason=class_check action=maybe_recompile pc=0x0000018d45e220b0 method=java.util.HashMap.getNode(Ljava/lang/Object;)Ljava/util/HashMap$Node; @ 128 c2
Event: 0.667 Thread 0x0000018d36ba8920 DEOPT PACKING pc=0x0000018d45e220b0 sp=0x00000081e07fdd70
Event: 0.667 Thread 0x0000018d36ba8920 DEOPT UNPACKING pc=0x0000018d3e35d72e sp=0x00000081e07fdce8 mode 2

Classes unloaded (0 events):
No events

Classes redefined (0 events):
No events

Internal exceptions (20 events):
Event: 0.537 Thread 0x0000018d36ba8920 Exception <a 'sun/nio/fs/WindowsException'{0x00000000a2545f30}> (0x00000000a2545f30) 
thrown [t:\workspace\open\src\hotspot\share\prims\jni.cpp, line 579]
Event: 0.537 Thread 0x0000018d36ba8920 Exception <a 'sun/nio/fs/WindowsException'{0x00000000a2546be8}> (0x00000000a2546be8) 
thrown [t:\workspace\open\src\hotspot\share\prims\jni.cpp, line 579]
Event: 0.537 Thread 0x0000018d36ba8920 Exception <a 'sun/nio/fs/WindowsException'{0x00000000a2546f70}> (0x00000000a2546f70) 
thrown [t:\workspace\open\src\hotspot\share\prims\jni.cpp, line 579]
Event: 0.570 Thread 0x0000018d36ba8920 Exception <a 'java/lang/NoSuchMethodError'{0x00000000a2723dc0}: 'java.lang.Object java.lang.invoke.DirectMethodHandle$Holder.invokeVirtual(java.lang.Object, java.lang.Object, java.lang.Object, int, int)'> (0x00000000a2723dc0) 
thrown [t:\workspace\open\src\hotspot\share\interpreter\linkResolver.cpp, line 790]
Event: 0.572 Thread 0x0000018d36ba8920 Exception <a 'java/lang/NoSuchMethodError'{0x00000000a272b0a0}: 'java.lang.Object java.lang.invoke.DirectMethodHandle$Holder.invokeVirtual(java.lang.Object, java.lang.Object, int)'> (0x00000000a272b0a0) 
thrown [t:\workspace\open\src\hotspot\share\interpreter\linkResolver.cpp, line 790]
Event: 0.577 Thread 0x0000018d36ba8920 Exception <a 'java/lang/NoSuchMethodError'{0x00000000a2744e48}: 'java.lang.Object java.lang.invoke.DirectMethodHandle$Holder.invokeSpecial(java.lang.Object, java.lang.Object, java.lang.Object, int, int)'> (0x00000000a2744e48) 
thrown [t:\workspace\open\src\hotspot\share\interpreter\linkResolver.cpp, line 790]
Event: 0.609 Thread 0x0000018d36ba8920 Exception <a 'java/lang/NoSuchMethodError'{0x00000000a2668708}: 'void java.lang.invoke.DirectMethodHandle$Holder.invokeStatic(java.lang.Object, java.lang.Object)'> (0x00000000a2668708) 
thrown [t:\workspace\open\src\hotspot\share\interpreter\linkResolver.cpp, line 790]
Event: 0.611 Thread 0x0000018d36ba8920 Exception <a 'sun/nio/fs/WindowsException'{0x00000000a2672ee8}> (0x00000000a2672ee8) 
thrown [t:\workspace\open\src\hotspot\share\prims\jni.cpp, line 579]
Event: 0.611 Thread 0x0000018d36ba8920 Exception <a 'sun/nio/fs/WindowsException'{0x00000000a2673268}> (0x00000000a2673268) 
thrown [t:\workspace\open\src\hotspot\share\prims\jni.cpp, line 579]
Event: 0.612 Thread 0x0000018d36ba8920 Exception <a 'sun/nio/fs/WindowsException'{0x00000000a2679060}> (0x00000000a2679060) 
thrown [t:\workspace\open\src\hotspot\share\prims\jni.cpp, line 579]
Event: 0.612 Thread 0x0000018d36ba8920 Exception <a 'sun/nio/fs/WindowsException'{0x00000000a26793d8}> (0x00000000a26793d8) 
thrown [t:\workspace\open\src\hotspot\share\prims\jni.cpp, line 579]
Event: 0.662 Thread 0x0000018d36ba8920 Exception <a 'sun/nio/fs/WindowsException'{0x00000000a27a3f80}> (0x00000000a27a3f80) 
thrown [t:\workspace\open\src\hotspot\share\prims\jni.cpp, line 579]
Event: 0.662 Thread 0x0000018d36ba8920 Exception <a 'sun/nio/fs/WindowsException'{0x00000000a27a42b0}> (0x00000000a27a42b0) 
thrown [t:\workspace\open\src\hotspot\share\prims\jni.cpp, line 579]
Event: 0.662 Thread 0x0000018d36ba8920 Exception <a 'sun/nio/fs/WindowsException'{0x00000000a27a4de0}> (0x00000000a27a4de0) 
thrown [t:\workspace\open\src\hotspot\share\prims\jni.cpp, line 579]
Event: 0.662 Thread 0x0000018d36ba8920 Exception <a 'sun/nio/fs/WindowsException'{0x00000000a27a5110}> (0x00000000a27a5110) 
thrown [t:\workspace\open\src\hotspot\share\prims\jni.cpp, line 579]
Event: 0.663 Thread 0x0000018d36ba8920 Exception <a 'java/lang/NoSuchMethodError'{0x00000000a27a94c8}: 'int java.lang.invoke.DirectMethodHandle$Holder.invokeSpecial(java.lang.Object, java.lang.Object, java.lang.Object)'> (0x00000000a27a94c8) 
thrown [t:\workspace\open\src\hotspot\share\interpreter\linkResolver.cpp, line 790]
Event: 0.665 Thread 0x0000018d36ba8920 Exception <a 'sun/nio/fs/WindowsException'{0x00000000a27b4b78}> (0x00000000a27b4b78) 
thrown [t:\workspace\open\src\hotspot\share\prims\jni.cpp, line 579]
Event: 0.665 Thread 0x0000018d36ba8920 Exception <a 'sun/nio/fs/WindowsException'{0x00000000a27b4eb8}> (0x00000000a27b4eb8) 
thrown [t:\workspace\open\src\hotspot\share\prims\jni.cpp, line 579]
Event: 0.665 Thread 0x0000018d36ba8920 Exception <a 'sun/nio/fs/WindowsException'{0x00000000a27b5f40}> (0x00000000a27b5f40) 
thrown [t:\workspace\open\src\hotspot\share\prims\jni.cpp, line 579]
Event: 0.665 Thread 0x0000018d36ba8920 Exception <a 'sun/nio/fs/WindowsException'{0x00000000a27b64c0}> (0x00000000a27b64c0) 
thrown [t:\workspace\open\src\hotspot\share\prims\jni.cpp, line 579]

Events (20 events):
Event: 0.575 loading class java/util/stream/MatchOps done
Event: 0.575 loading class java/util/stream/MatchOps$MatchOp
Event: 0.576 loading class java/util/stream/MatchOps$MatchOp done
Event: 0.576 loading class java/util/stream/MatchOps$BooleanTerminalSink
Event: 0.576 loading class java/util/stream/MatchOps$BooleanTerminalSink done
Event: 0.576 loading class java/util/stream/MatchOps$1MatchSink
Event: 0.577 loading class java/util/stream/MatchOps$1MatchSink done
Event: 0.608 loading class java/util/RegularEnumSet$EnumSetIterator
Event: 0.608 loading class java/util/RegularEnumSet$EnumSetIterator done
Event: 0.621 Executing  VM operation: G1CollectForAllocation
Event: 0.624 Executing  VM operation: G1CollectForAllocation done
Event: 0.626 loading class java/nio/file/Files$AcceptAllFilter
Event: 0.626 loading class java/nio/file/Files$AcceptAllFilter done
Event: 0.626 loading class java/nio/file/Files$2
Event: 0.626 loading class java/nio/file/Files$2 done
Event: 0.644 Executing  VM operation: G1CollectForAllocation
Event: 0.648 Executing  VM operation: G1CollectForAllocation done
Event: 0.668 Executing  VM operation: G1CollectForAllocation
Event: 0.669 Executing  VM operation: G1CollectForAllocation done
Event: 0.681 Executing  VM operation: G1CollectForAllocation


Dynamic libraries:
0x00007ff784130000 - 0x00007ff784138000 	C:\Program Files\Java\jdk-16\bin\javac.exe
0x00007ffeade10000 - 0x00007ffeae024000 	C:\WINDOWS\SYSTEM32\ntdll.dll
0x00007ffeac1f0000 - 0x00007ffeac2b4000 	C:\WINDOWS\System32\KERNEL32.DLL
0x00007ffeab700000 - 0x00007ffeabaa4000 	C:\WINDOWS\System32\KERNELBASE.dll
0x00007ffeab1f0000 - 0x00007ffeab301000 	C:\WINDOWS\System32\ucrtbase.dll
0x00007ffe9b840000 - 0x00007ffe9b859000 	C:\Program Files\Java\jdk-16\bin\VCRUNTIME140.dll
0x00007ffea3a20000 - 0x00007ffea3a38000 	C:\Program Files\Java\jdk-16\bin\jli.dll
0x00007ffeabbd0000 - 0x00007ffeabc80000 	C:\WINDOWS\System32\ADVAPI32.dll
0x00007ffeac370000 - 0x00007ffeac417000 	C:\WINDOWS\System32\msvcrt.dll
0x00007ffeabcf0000 - 0x00007ffeabd96000 	C:\WINDOWS\System32\sechost.dll
0x00007ffead060000 - 0x00007ffead177000 	C:\WINDOWS\System32\RPCRT4.dll
0x00007ffeac690000 - 0x00007ffeac83a000 	C:\WINDOWS\System32\USER32.dll
0x00007ffe9d7e0000 - 0x00007ffe9da6f000 	C:\WINDOWS\WinSxS\amd64_microsoft.windows.common-controls_6595b64144ccf1df_6.0.22621.2070_none_2713e6537381f706\COMCTL32.dll
0x00007ffeab480000 - 0x00007ffeab4a6000 	C:\WINDOWS\System32\win32u.dll
0x00007ffeac1c0000 - 0x00007ffeac1e9000 	C:\WINDOWS\System32\GDI32.dll
0x00007ffeabab0000 - 0x00007ffeabbc9000 	C:\WINDOWS\System32\gdi32full.dll
0x00007ffeab5f0000 - 0x00007ffeab68a000 	C:\WINDOWS\System32\msvcp_win.dll
0x00007ffea3310000 - 0x00007ffea331a000 	C:\WINDOWS\SYSTEM32\VERSION.dll
0x00007ffeac320000 - 0x00007ffeac351000 	C:\WINDOWS\System32\IMM32.DLL
0x00007ffe9b830000 - 0x00007ffe9b83c000 	C:\Program Files\Java\jdk-16\bin\vcruntime140_1.dll
0x00007ffe99600000 - 0x00007ffe99691000 	C:\Program Files\Java\jdk-16\bin\msvcp140.dll
0x00007ffe4e3f0000 - 0x00007ffe4ef9b000 	C:\Program Files\Java\jdk-16\bin\server\jvm.dll
0x00007ffeac2c0000 - 0x00007ffeac2c8000 	C:\WINDOWS\System32\PSAPI.DLL
0x00007ffea6890000 - 0x00007ffea6899000 	C:\WINDOWS\SYSTEM32\WSOCK32.dll
0x00007ffea5aa0000 - 0x00007ffea5ad4000 	C:\WINDOWS\SYSTEM32\WINMM.dll
0x00007ffeac9e0000 - 0x00007ffeaca51000 	C:\WINDOWS\System32\WS2_32.dll
0x00007ffeaa230000 - 0x00007ffeaa248000 	C:\WINDOWS\SYSTEM32\kernel.appcore.dll
0x00007ffe9b7b0000 - 0x00007ffe9b7ba000 	C:\Program Files\Java\jdk-16\bin\jimage.dll
0x00007ffea4300000 - 0x00007ffea452e000 	C:\WINDOWS\SYSTEM32\DBGHELP.DLL
0x00007ffeabe30000 - 0x00007ffeac1ba000 	C:\WINDOWS\System32\combase.dll
0x00007ffeac520000 - 0x00007ffeac5f7000 	C:\WINDOWS\System32\OLEAUT32.dll
0x00007ffea4800000 - 0x00007ffea4832000 	C:\WINDOWS\SYSTEM32\dbgcore.DLL
0x00007ffeab4b0000 - 0x00007ffeab52a000 	C:\WINDOWS\System32\bcryptPrimitives.dll
0x00007ffe9b7c0000 - 0x00007ffe9b7e5000 	C:\Program Files\Java\jdk-16\bin\java.dll
0x00007ffead180000 - 0x00007ffead996000 	C:\WINDOWS\System32\SHELL32.dll
0x00007ffea91c0000 - 0x00007ffea9aaa000 	C:\WINDOWS\SYSTEM32\windows.storage.dll
0x00007ffea9080000 - 0x00007ffea91be000 	C:\WINDOWS\SYSTEM32\wintypes.dll
0x00007ffeac420000 - 0x00007ffeac513000 	C:\WINDOWS\System32\SHCORE.dll
0x00007ffeacb80000 - 0x00007ffeacbde000 	C:\WINDOWS\System32\shlwapi.dll
0x00007ffeab120000 - 0x00007ffeab146000 	C:\WINDOWS\SYSTEM32\profapi.dll
0x00007ffe9b790000 - 0x00007ffe9b7a9000 	C:\Program Files\Java\jdk-16\bin\net.dll
0x00007ffea58b0000 - 0x00007ffea59e7000 	C:\WINDOWS\SYSTEM32\WINHTTP.dll
0x00007ffeaa6b0000 - 0x00007ffeaa719000 	C:\WINDOWS\system32\mswsock.dll
0x00007ffe9b610000 - 0x00007ffe9b623000 	C:\Program Files\Java\jdk-16\bin\nio.dll

dbghelp: loaded successfully - version: 4.0.5 - missing functions: none
symbol engine: initialized successfully - sym options: 0x614 - pdb path: .;C:\Program Files\Java\jdk-16\bin;C:\WINDOWS\SYSTEM32;C:\WINDOWS\WinSxS\amd64_microsoft.windows.common-controls_6595b64144ccf1df_6.0.22621.2070_none_2713e6537381f706;C:\Program Files\Java\jdk-16\bin\server

VM Arguments:
jvm_args: -Denv.class.path=C:\Program Files\Java\jdk-18.0.2.1\bin\*.jar -Dapplication.home=C:\Program Files\Java\jdk-16 --add-modules=ALL-DEFAULT -Xms8m -Djdk.module.main=jdk.compiler 
java_command: jdk.compiler/com.sun.tools.javac.Main -d C:\Users\anish\OneDrive\Documents\NetBeansProjects\Quiz Application\build\classes -classpath C:\Users\anish\OneDrive\Documents\NetBeansProjects\Quiz Application\build\classes -sourcepath C:\Users\anish\OneDrive\Documents\NetBeansProjects\Quiz Application\build\empty -target 16 -encoding UTF-8 -g -processorpath C:\Users\anish\OneDrive\Documents\NetBeansProjects\Quiz Application\build\empty -s C:\Users\anish\OneDrive\Documents\NetBeansProjects\Quiz Application\build\generated-sources\ap-source-output -source 16 C:\Users\anish\OneDrive\Documents\NetBeansProjects\Quiz Application\src\quiz\application\Login.java C:\Users\anish\OneDrive\Documents\NetBeansProjects\Quiz Application\src\quiz\application\Quiz.java C:\Users\anish\OneDrive\Documents\NetBeansProjects\Quiz Application\src\quiz\application\Rules.java
java_class_path (initial): <not set>
Launcher Type: SUN_STANDARD

[Global flags]
     intx CICompilerCount                          = 4                                         {product} {ergonomic}
     uint ConcGCThreads                            = 2                                         {product} {ergonomic}
     uint G1ConcRefinementThreads                  = 8                                         {product} {ergonomic}
   size_t G1HeapRegionSize                         = 1048576                                   {product} {ergonomic}
    uintx GCDrainStackTargetSize                   = 64                                        {product} {ergonomic}
   size_t InitialHeapSize                          = 8388608                                   {product} {command line}
   size_t MarkStackSize                            = 4194304                                   {product} {ergonomic}
   size_t MaxHeapSize                              = 1579155456                                {product} {ergonomic}
   size_t MaxNewSize                               = 946864128                                 {product} {ergonomic}
   size_t MinHeapDeltaBytes                        = 1048576                                   {product} {ergonomic}
   size_t MinHeapSize                              = 8388608                                   {product} {command line}
    uintx NonNMethodCodeHeapSize                   = 5839372                                {pd product} {ergonomic}
    uintx NonProfiledCodeHeapSize                  = 122909434                              {pd product} {ergonomic}
    uintx ProfiledCodeHeapSize                     = 122909434                              {pd product} {ergonomic}
    uintx ReservedCodeCacheSize                    = 251658240                              {pd product} {ergonomic}
     bool SegmentedCodeCache                       = true                                      {product} {ergonomic}
   size_t SoftMaxHeapSize                          = 1579155456                             {manageable} {ergonomic}
     bool UseCompressedClassPointers               = true                           {product lp64_product} {ergonomic}
     bool UseCompressedOops                        = true                           {product lp64_product} {ergonomic}
     bool UseG1GC                                  = true                                      {product} {ergonomic}
     bool UseLargePagesIndividualAllocation        = false                                  {pd product} {ergonomic}

Logging:
Log output configuration:
 #0: stdout all=warning uptime,level,tags
 #1: stderr all=off uptime,level,tags

Environment Variables:
JAVA_HOME=C:\Program Files\Java\jdk-18.0.2.1
CLASSPATH=C:\Program Files\Java\jdk-18.0.2.1\bin\*.jar
PATH=C:\oraclexe\app\oracle\product\10.2.0\server\bin;C:\XEClient\bin;C:\Program Files\Common Files\Oracle\Java\javapath;C:\WINDOWS\system32;C:\WINDOWS;C:\WINDOWS\System32\Wbem;C:\WINDOWS\System32\WindowsPowerShell\v1.0\;C:\WINDOWS\System32\OpenSSH\C:\Program Files\Java\jdk-18.0.2.1\bin;C:\WINDOWS\System32\OpenSSH\;C:\Program Files\Java\jdk-17.0.2\bin;C:\Program Files\Java\jdk-17.0.2\bin;C:\Program Files\MySQL\MySQL Shell 8.0\bin\;C:\Users\anish\AppData\Local\Microsoft\WindowsApps;C:\Program Files\Java\jdk-18.0.2.1\bin\*.jar\servlet-api.jar;C:\Program Files\Apache Software Foundation\Tomcat 9.0\bin;C:\Users\anish\AppData\Local\Programs\Microsoft VS Code\bin;
USERNAME=anish
OS=Windows_NT
PROCESSOR_IDENTIFIER=AMD64 Family 23 Model 24 Stepping 1, AuthenticAMD



---------------  S Y S T E M  ---------------

OS:
 Windows 10 , 64 bit Build 22621 (10.0.22621.2070)
OS uptime: 9 days 14:31 hours

CPU: total 8 (initial active 8) (8 cores per cpu, 2 threads per core) family 23 model 24 stepping 1 microcode 0x0, cx8, cmov, fxsr, ht, mmx, 3dnowpref, sse, sse2, sse3, ssse3, sse4a, sse4.1, sse4.2, popcnt, lzcnt, tsc, tscinvbit, avx, avx2, aes, clmul, bmi1, bmi2, adx, sha, fma, vzeroupper, clflush, clflushopt

Memory: 4k page, system-wide physical 6020M (354M free)
TotalPageFile size 24452M (AvailPageFile size 6M)
current process WorkingSet (physical memory assigned to process): 64M, peak: 64M
current process commit charge ("private bytes"): 103M, peak: 112M

vm_info: Java HotSpot(TM) 64-Bit Server VM (16+36-2231) for windows-amd64 JRE (16+36-2231), built on Feb  8 2021 11:43:10 by "mach5one" with MS VC++ 16.7 (VS2019)

END.
